openCVSample15puzzle/build/outputs/logs/manifest-merger-debug-report.txt
-- Merging decision tree log ---
manifest
ADDED from src\main\AndroidManifest.xml:2:1-35:12
	package
		ADDED from src\main\AndroidManifest.xml:3:5-42
		INJECTED from src\main\AndroidManifest.xml
		INJECTED from src\main\AndroidManifest.xml
	android:versionName
		ADDED from src\main\AndroidManifest.xml:5:5-31
		INJECTED from src\main\AndroidManifest.xml
		INJECTED from src\main\AndroidManifest.xml
	android:versionCode
		ADDED from src\main\AndroidManifest.xml:4:5-30
		INJECTED from src\main\AndroidManifest.xml
		INJECTED from src\main\AndroidManifest.xml
	xmlns:android
		ADDED from src\main\AndroidManifest.xml:2:11-69
uses-sdk
ADDED from src\main\AndroidManifest.xml:7:5-42
MERGED from [15-puzzle:openCVLibrary330:unspecified] AndroidManifest.xml:7:5-9:41
	android:targetSdkVersion
		INJECTED from src\main\AndroidManifest.xml
		INJECTED from src\main\AndroidManifest.xml
	android:minSdkVersion
		ADDED from src\main\AndroidManifest.xml:7:15-40
		INJECTED from src\main\AndroidManifest.xml
		INJECTED from src\main\AndroidManifest.xml
application
ADDED from src\main\AndroidManifest.xml:9:5-26:19
	android:label
		ADDED from src\main\AndroidManifest.xml:11:9-41
	android:icon
		ADDED from src\main\AndroidManifest.xml:10:9-38
	android:theme
		ADDED from src\main\AndroidManifest.xml:12:9-67
activity#org.opencv.samples.puzzle15.Puzzle15Activity
ADDED from src\main\AndroidManifest.xml:14:9-25:20
	android:screenOrientation
		ADDED from src\main\AndroidManifest.xml:17:13-50
	android:label
		ADDED from src\main\AndroidManifest.xml:16:13-45
	android:configChanges
		ADDED from src\main\AndroidManifest.xml:18:13-63
	android:name
		ADDED from src\main\AndroidManifest.xml:15:13-45
intent-filter#android.intent.action.MAIN+android.intent.category.LAUNCHER
ADDED from src\main\AndroidManifest.xml:20:13-24:29
action#android.intent.action.MAIN
ADDED from src\main\AndroidManifest.xml:21:17-69
	android:name
		ADDED from src\main\AndroidManifest.xml:21:25-66
category#android.intent.category.LAUNCHER
ADDED from src\main\AndroidManifest.xml:23:17-77
	android:name
		ADDED from src\main\AndroidManifest.xml:23:27-74
uses-permission#android.permission.CAMERA
ADDED from src\main\AndroidManifest.xml:28:5-64
	android:name
		ADDED from src\main\AndroidManifest.xml:28:22-62
uses-feature#android.hardware.camera
ADDED from src\main\AndroidManifest.xml:30:5-84
	android:required
		ADDED from src\main\AndroidManifest.xml:30:58-82
	android:name
		ADDED from src\main\AndroidManifest.xml:30:19-57
uses-feature#android.hardware.camera.autofocus
ADDED from src\main\AndroidManifest.xml:31:5-94
	android:required
		ADDED from src\main\AndroidManifest.xml:31:68-92
	android:name
		ADDED from src\main\AndroidManifest.xml:31:19-67
uses-feature#android.hardware.camera.front
ADDED from src\main\AndroidManifest.xml:32:5-90
	android:required
		ADDED from src\main\AndroidManifest.xml:32:64-88
	android:name
		ADDED from src\main\AndroidManifest.xml:32:19-63
uses-feature#android.hardware.camera.front.autofocus
ADDED from src\main\AndroidManifest.xml:33:5-100
	android:required
		ADDED from src\main\AndroidManifest.xml:33:74-98
	android:name
		ADDED from src\main\AndroidManifest.xml:33:19-73